## CRON: US Opening-Check 16:30 — 2026-03-18 15:30 UTC

**LIVE KURSE (1h nach NYSE-Open):**

| Position | Entry | Jetzt (€) | Gap | Stop | Abstand | H/L |
|----------|-------|-----------|-----|------|---------|-----|
| NVDA | 167.88 | 210.35 | +0.3% | NONE | — | H:183.38 L:180.73 |
| MSFT | 351.85 | 456.03 | -0.6% | 338.00 | ⚠️ 1.1% | H:398 L:394 |
| PLTR | 132.11 | 177.47 | -0.2% | 127.00 | 3.9% | H:157 L:153 |
| **PAAS** | 49.09 | 59.90 | 🔴 -5.1% | 44.18 | 10% | H:53.33 L:51.02 |
| OXY | 50.63 | 66.98 | +0.9% | 45.57 | 10% | H:58.82 L:57.94 |
| FRO | 26.40 | 37.72 | +1.7% | 26.40 | ⚠️ 0% (=Entry!) | H:32.79 L:31.42 |
| DHT | 14.74 | 20.49 | +2.0% | 13.27 | 10% | H:17.82 L:17.02 |
| HL | 17.15 | 21.49 | -2.0% | 15.44 | 11% | H:19.45 L:18.52 |
| MOS | 25.38 | 32.77 | +1.7% | 22.50 | 11.4% | H:29.39 L:28.14 |

**EURUSD:** 1.1522

**ALERTS:**
- 🔴 PAAS: -5.1% heute (aber 10% Polster zum Stop)
- ⚠️ MSFT: nur 1.1% zum Stop — dicht aber nicht in Gefahr (massiv im Gewinn)
- ⚠️ FRO: Stop = Entry — SEHR ENG! Beobachten

**MARKTCHARAKTER:** Gemischter US-Open. Tech stabil, Energie + Uranium positiv, Metals + Small Caps schwach.

**STATUS:** Keine akuten Auslösungen. MSFT und FRO beobachten.

---
