[2026-04-01T13:00:18Z] ALERT trump_watch: DISCORD_ALERT:PEACE
🕊️ **TRUMP PEACE SIGNAL — Iran Deal**

**Post:** Iran’s New Regime President, much less Radicalized and far more intelligent than his predecessors, has just asked the Unit
[2026-04-02T17:02:21Z] CRITICAL trump_watch: DISCORD_ALERT:PEACE
🕊️ **TRUMP PEACE SIGNAL — Iran Deal**

**Post:** The biggest bridge in Iran comes tumbling down, never to be used again — Much more to follow! IT IS TIME FOR IRAN TO MAKE A DEAL BE
[2026-04-03T04:02:21Z] CRITICAL trump_watch: DISCORD_ALERT:ESCALATION
🔴 **TRUMP ESKALATION — Iran**

**Post:** Our Military, the greatest and most powerful (by far!) anywhere in the World, hasn’t even started destroying what’s left in Iran. Brid
[2026-04-04T15:02:22Z] CRITICAL trump_watch: DISCORD_ALERT:PEACE
🕊️ **TRUMP PEACE SIGNAL — Iran Deal**

**Post:** Remember when I gave Iran ten days to MAKE A DEAL or OPEN UP THE HORMUZ STRAIT. Time is running out - 48 hours before all Hell will
[2026-04-06T05:02:23Z] CRITICAL trump_watch: DISCORD_ALERT:PEACE
🕊️ **TRUMP PEACE SIGNAL — Iran Deal**

**Post:** We have rescued the seriously wounded, and really brave, F-15 Crew Member/Officer, from deep inside the mountains of Iran. The Iran
[2026-04-08T04:02:24Z] CRITICAL trump_watch: DISCORD_ALERT:PEACE
🕊️ **TRUMP PEACE SIGNAL — Iran Deal**

**Post:** Based on conversations with Prime Minister Shehbaz Sharif and Field Marshal Asim Munir, of Pakistan, and wherein they requested tha
[2026-04-08T05:02:25Z] CRITICAL trump_watch: DISCORD_ALERT:PEACE
🕊️ **TRUMP PEACE SIGNAL — Iran Deal**

**Post:** A big day for World Peace! Iran wants it to happen, they’ve had enough! Likewise, so has everyone else! The United States of Americ
[2026-04-08T12:02:25Z] CRITICAL trump_watch: DISCORD_ALERT:ESCALATION
🔴 **TRUMP ESKALATION — Iran**

**Post:** The United States will work closely with Iran, which we have determined has gone through what will be a very productive Regime Change!
[2026-04-08T17:02:25Z] CRITICAL trump_watch: DISCORD_ALERT:PEACE
🕊️ **TRUMP PEACE SIGNAL — Iran Deal**

**Post:** Numerous Agreements, Lists, and Letters are being sent out by people that have absolutely nothing to do with the U.S.A. / Iran Nego
